{
  message: 'Sending axios request...',
  level: 'info',
  service: 'Library Service',
  timestamp: '2025-12-03T09:06:36+05:45'
}
{
  message: 'Server is running on PORT5001',
  level: 'info',
  service: 'Library Service',
  timestamp: '2025-12-03T09:06:36+05:45'
}
{
  message: 'Route sync complete',
  level: 'info',
  service: 'Library Service',
  timestamp: '2025-12-03T09:06:36+05:45'
}
{
  message: 'Sending axios request...',
  level: 'info',
  service: 'Library Service',
  timestamp: '2025-12-03T10:08:13+05:45'
}
{
  message: 'Server is running on PORT5001',
  level: 'info',
  service: 'Library Service',
  timestamp: '2025-12-03T10:08:13+05:45'
}
{
  message: 'Route sync complete',
  level: 'info',
  service: 'Library Service',
  timestamp: '2025-12-03T10:08:13+05:45'
}
{
  message: 'Sending axios request...',
  level: 'info',
  service: 'Library Service',
  timestamp: '2025-12-03T10:47:32+05:45'
}
{
  message: 'Server is running on PORT5001',
  level: 'info',
  service: 'Library Service',
  timestamp: '2025-12-03T10:47:32+05:45'
}
{
  message: 'Route sync complete',
  level: 'info',
  service: 'Library Service',
  timestamp: '2025-12-03T10:47:32+05:45'
}
{
  message: 'Sending axios request...',
  level: 'info',
  service: 'Library Service',
  timestamp: '2025-12-03T14:45:20+05:45'
}
{
  message: 'Server is running on PORT5001',
  level: 'info',
  service: 'Library Service',
  timestamp: '2025-12-03T14:45:20+05:45'
}
{
  message: 'connect ECONNREFUSED 172.18.0.4:5003',
  level: 'error',
  service: 'Library Service',
  timestamp: '2025-12-03T14:45:20+05:45'
}
{
  message: 'Sending axios request...',
  level: 'info',
  service: 'Library Service',
  timestamp: '2025-12-03T14:46:30+05:45'
}
{
  message: 'Server is running on PORT5001',
  level: 'info',
  service: 'Library Service',
  timestamp: '2025-12-03T14:46:30+05:45'
}
{
  message: 'Route sync complete',
  level: 'info',
  service: 'Library Service',
  timestamp: '2025-12-03T14:46:30+05:45'
}
{
  message: 'Sending axios request...',
  level: 'info',
  service: 'Library Service',
  timestamp: '2025-12-03T14:49:52+05:45'
}
{
  message: 'Server is running on PORT5001',
  level: 'info',
  service: 'Library Service',
  timestamp: '2025-12-03T14:49:52+05:45'
}
{
  message: 'Route sync complete',
  level: 'info',
  service: 'Library Service',
  timestamp: '2025-12-03T14:49:52+05:45'
}
{
  message: 'Sending axios request...',
  level: 'info',
  service: 'Library Service',
  timestamp: '2025-12-03T14:58:24+05:45'
}
{
  message: 'Server is running on PORT5001',
  level: 'info',
  service: 'Library Service',
  timestamp: '2025-12-03T14:58:24+05:45'
}
{
  message: 'connect ECONNREFUSED 172.18.0.4:5003',
  level: 'error',
  service: 'Library Service',
  timestamp: '2025-12-03T14:58:24+05:45'
}
