{
  message: 'Sending axios request...',
  level: 'info',
  service: 'Library Service',
  timestamp: '2025-12-04T09:15:23+05:45'
}
{
  message: 'Server is running on PORT5002',
  level: 'info',
  service: 'Library Service',
  timestamp: '2025-12-04T09:15:23+05:45'
}
{
  message: 'Route sync complete',
  level: 'info',
  service: 'Library Service',
  timestamp: '2025-12-04T09:15:23+05:45'
}
{
  message: 'Sending axios request...',
  level: 'info',
  service: 'Library Service',
  timestamp: '2025-12-04T11:39:36+05:45'
}
{
  message: 'Server is running on PORT5002',
  level: 'info',
  service: 'Library Service',
  timestamp: '2025-12-04T11:39:36+05:45'
}
{
  message: 'Route sync complete',
  level: 'info',
  service: 'Library Service',
  timestamp: '2025-12-04T11:39:36+05:45'
}
{
  message: 'Sending axios request...',
  level: 'info',
  service: 'Library Service',
  timestamp: '2025-12-04T14:14:06+05:45'
}
{
  message: 'Server is running on PORT5002',
  level: 'info',
  service: 'Library Service',
  timestamp: '2025-12-04T14:14:06+05:45'
}
{
  message: 'Route sync complete',
  level: 'info',
  service: 'Library Service',
  timestamp: '2025-12-04T14:14:06+05:45'
}
{
  message: 'Authorization given to user: 2 for read on library.book.list',
  level: 'info',
  service: 'Casbin middleware',
  timestamp: '2025-12-04T14:18:30+05:45'
}
{
  message: 'No books found in database',
  level: 'warn',
  service: 'Library Service',
  timestamp: '2025-12-04T14:18:30+05:45'
}
{
  message: 'Displayed the book list',
  level: 'info',
  service: 'Library Service',
  timestamp: '2025-12-04T14:18:30+05:45'
}
{
  message: 'Failed to fetch book list: Cannot set headers after they are sent to the client',
  level: 'error',
  service: 'Library Service',
  timestamp: '2025-12-04T14:18:30+05:45'
}
{
  message: 'Authorization given to user: 2 for write on library.book',
  level: 'info',
  service: 'Casbin middleware',
  timestamp: '2025-12-04T14:19:14+05:45'
}
{
  message: 'Book: Lord of Mysteries created',
  level: 'info',
  service: 'Library Service',
  timestamp: '2025-12-04T14:19:14+05:45'
}
{
  message: 'Authorization given to user: 2 for write on library.book',
  level: 'info',
  service: 'Casbin middleware',
  timestamp: '2025-12-04T14:21:06+05:45'
}
{
  message: 'Book: Lord of Mysteries 2: Circle of Inevitability created',
  level: 'info',
  service: 'Library Service',
  timestamp: '2025-12-04T14:21:06+05:45'
}
{
  message: 'Authorization given to user: 2 for write on library.book',
  level: 'info',
  service: 'Casbin middleware',
  timestamp: '2025-12-04T14:22:29+05:45'
}
{
  message: 'Book: The Legendary Mechanic created',
  level: 'info',
  service: 'Library Service',
  timestamp: '2025-12-04T14:22:29+05:45'
}
{
  message: 'Authorization given to user: 2 for write on library.book',
  level: 'info',
  service: 'Casbin middleware',
  timestamp: '2025-12-04T14:23:56+05:45'
}
{
  message: "Book: History's Strongest Senior Brother created",
  level: 'info',
  service: 'Library Service',
  timestamp: '2025-12-04T14:23:56+05:45'
}
{
  message: 'Authorization given to user: 2 for update on library.book',
  level: 'info',
  service: 'Casbin middleware',
  timestamp: '2025-12-04T14:25:27+05:45'
}
{
  message: 'Updated book with id: 3',
  level: 'info',
  service: 'Library Service',
  timestamp: '2025-12-04T14:25:27+05:45'
}
