{
  message: 'Sending axios request...',
  level: 'info',
  service: 'Library Service',
  timestamp: '2025-12-03T09:06:36+05:45'
}
{
  message: 'Server is running on PORT5002',
  level: 'info',
  service: 'Library Service',
  timestamp: '2025-12-03T09:06:36+05:45'
}
{
  message: 'Route sync complete',
  level: 'info',
  service: 'Library Service',
  timestamp: '2025-12-03T09:06:37+05:45'
}
{
  message: 'Sending axios request...',
  level: 'info',
  service: 'Library Service',
  timestamp: '2025-12-03T10:08:13+05:45'
}
{
  message: 'Server is running on PORT5002',
  level: 'info',
  service: 'Library Service',
  timestamp: '2025-12-03T10:08:13+05:45'
}
{
  message: 'Route sync complete',
  level: 'info',
  service: 'Library Service',
  timestamp: '2025-12-03T10:08:13+05:45'
}
{
  message: 'Sending axios request...',
  level: 'info',
  service: 'Library Service',
  timestamp: '2025-12-03T10:47:34+05:45'
}
{
  message: 'Server is running on PORT5002',
  level: 'info',
  service: 'Library Service',
  timestamp: '2025-12-03T10:47:34+05:45'
}
{
  message: 'Route sync complete',
  level: 'info',
  service: 'Library Service',
  timestamp: '2025-12-03T10:47:34+05:45'
}
{
  message: 'Sending axios request...',
  level: 'info',
  service: 'Library Service',
  timestamp: '2025-12-03T14:45:20+05:45'
}
{
  message: 'Server is running on PORT5002',
  level: 'info',
  service: 'Library Service',
  timestamp: '2025-12-03T14:45:20+05:45'
}
{
  message: 'connect ECONNREFUSED 172.18.0.4:5003',
  level: 'error',
  service: 'Library Service',
  timestamp: '2025-12-03T14:45:20+05:45'
}
{
  message: 'Sending axios request...',
  level: 'info',
  service: 'Library Service',
  timestamp: '2025-12-03T14:46:29+05:45'
}
{
  message: 'Server is running on PORT5002',
  level: 'info',
  service: 'Library Service',
  timestamp: '2025-12-03T14:46:29+05:45'
}
{
  message: 'Route sync complete',
  level: 'info',
  service: 'Library Service',
  timestamp: '2025-12-03T14:46:29+05:45'
}
{
  message: 'Sending axios request...',
  level: 'info',
  service: 'Library Service',
  timestamp: '2025-12-03T14:49:51+05:45'
}
{
  message: 'Server is running on PORT5002',
  level: 'info',
  service: 'Library Service',
  timestamp: '2025-12-03T14:49:51+05:45'
}
{
  message: 'Route sync complete',
  level: 'info',
  service: 'Library Service',
  timestamp: '2025-12-03T14:49:51+05:45'
}
{
  message: 'Sending axios request...',
  level: 'info',
  service: 'Library Service',
  timestamp: '2025-12-03T14:58:25+05:45'
}
{
  message: 'Server is running on PORT5002',
  level: 'info',
  service: 'Library Service',
  timestamp: '2025-12-03T14:58:25+05:45'
}
{
  message: 'Route sync complete',
  level: 'info',
  service: 'Library Service',
  timestamp: '2025-12-03T14:58:25+05:45'
}
{
  message: 'Sending axios request...',
  level: 'info',
  service: 'Library Service',
  timestamp: '2025-12-03T14:58:55+05:45'
}
{
  message: 'Server is running on PORT5002',
  level: 'info',
  service: 'Library Service',
  timestamp: '2025-12-03T14:58:55+05:45'
}
{
  message: 'Route sync complete',
  level: 'info',
  service: 'Library Service',
  timestamp: '2025-12-03T14:58:55+05:45'
}
{
  message: 'Sending axios request...',
  level: 'info',
  service: 'Library Service',
  timestamp: '2025-12-03T15:54:38+05:45'
}
{
  message: 'Server is running on PORT5002',
  level: 'info',
  service: 'Library Service',
  timestamp: '2025-12-03T15:54:38+05:45'
}
{
  message: 'connect ECONNREFUSED 172.18.0.4:5003',
  level: 'error',
  service: 'Library Service',
  timestamp: '2025-12-03T15:54:38+05:45'
}
{
  message: 'Sending axios request...',
  level: 'info',
  service: 'Library Service',
  timestamp: '2025-12-03T15:55:36+05:45'
}
{
  message: 'Server is running on PORT5002',
  level: 'info',
  service: 'Library Service',
  timestamp: '2025-12-03T15:55:36+05:45'
}
{
  message: 'Route sync complete',
  level: 'info',
  service: 'Library Service',
  timestamp: '2025-12-03T15:55:36+05:45'
}
{
  message: 'No token was provided',
  level: 'warn',
  service: 'Library Service',
  timestamp: '2025-12-03T16:02:24+05:45'
}
{
  message: 'No token was provided',
  level: 'warn',
  service: 'Library Service',
  timestamp: '2025-12-03T16:06:11+05:45'
}
{
  message: 'No token was provided',
  level: 'warn',
  service: 'Library Service',
  timestamp: '2025-12-03T16:07:41+05:45'
}
{
  message: 'Sending axios request...',
  level: 'info',
  service: 'Library Service',
  timestamp: '2025-12-03T16:30:26+05:45'
}
{
  message: 'Server is running on PORT5002',
  level: 'info',
  service: 'Library Service',
  timestamp: '2025-12-03T16:30:27+05:45'
}
{
  message: 'Route sync complete',
  level: 'info',
  service: 'Library Service',
  timestamp: '2025-12-03T16:30:27+05:45'
}
{
  message: 'Sending axios request...',
  level: 'info',
  service: 'Library Service',
  timestamp: '2025-12-03T16:40:48+05:45'
}
{
  message: 'Server is running on PORT5002',
  level: 'info',
  service: 'Library Service',
  timestamp: '2025-12-03T16:40:48+05:45'
}
{
  message: 'Route sync complete',
  level: 'info',
  service: 'Library Service',
  timestamp: '2025-12-03T16:40:48+05:45'
}
{
  message: 'Sending axios request...',
  level: 'info',
  service: 'Library Service',
  timestamp: '2025-12-03T17:00:29+05:45'
}
{
  message: 'Server is running on PORT5002',
  level: 'info',
  service: 'Library Service',
  timestamp: '2025-12-03T17:00:29+05:45'
}
{
  message: 'Route sync complete',
  level: 'info',
  service: 'Library Service',
  timestamp: '2025-12-03T17:00:29+05:45'
}
{
  message: 'Sending axios request...',
  level: 'info',
  service: 'Library Service',
  timestamp: '2025-12-03T17:10:30+05:45'
}
{
  message: 'Server is running on PORT5002',
  level: 'info',
  service: 'Library Service',
  timestamp: '2025-12-03T17:10:30+05:45'
}
{
  message: 'Route sync complete',
  level: 'info',
  service: 'Library Service',
  timestamp: '2025-12-03T17:10:30+05:45'
}
{
  message: 'Sending axios request...',
  level: 'info',
  service: 'Library Service',
  timestamp: '2025-12-03T17:11:51+05:45'
}
{
  message: 'Server is running on PORT5002',
  level: 'info',
  service: 'Library Service',
  timestamp: '2025-12-03T17:11:51+05:45'
}
{
  message: 'Route sync complete',
  level: 'info',
  service: 'Library Service',
  timestamp: '2025-12-03T17:11:51+05:45'
}
