{
  message: 'Server is running on PORT5002',
  level: 'info',
  service: 'Library Service',
  timestamp: '2025-12-01T09:05:00.537Z'
}
{
  message: 'Route sync complete',
  level: 'info',
  service: 'Library Service',
  timestamp: '2025-12-01T09:05:00.661Z'
}
{
  message: 'Sending axios request...',
  level: 'info',
  service: 'Library Service',
  timestamp: '2025-12-01T09:09:31.421Z'
}
{
  message: 'Server is running on PORT5002',
  level: 'info',
  service: 'Library Service',
  timestamp: '2025-12-01T09:09:31.437Z'
}
{
  message: 'Route sync complete',
  level: 'info',
  service: 'Library Service',
  timestamp: '2025-12-01T09:09:31.477Z'
}
{
  message: 'Sending axios request...',
  level: 'info',
  service: 'Library Service',
  timestamp: '2025-12-01T09:14:42.838Z'
}
{
  message: 'Server is running on PORT5002',
  level: 'info',
  service: 'Library Service',
  timestamp: '2025-12-01T09:14:42.853Z'
}
{
  message: 'Route sync complete',
  level: 'info',
  service: 'Library Service',
  timestamp: '2025-12-01T09:14:42.887Z'
}
{
  message: 'Sending axios request...',
  level: 'info',
  service: 'Library Service',
  timestamp: '2025-12-01T09:16:13.251Z'
}
{
  message: 'Server is running on PORT5002',
  level: 'info',
  service: 'Library Service',
  timestamp: '2025-12-01T09:16:13.267Z'
}
{
  message: 'Route sync complete',
  level: 'info',
  service: 'Library Service',
  timestamp: '2025-12-01T09:16:13.294Z'
}
{
  message: true,
  level: 'info',
  service: 'Authentication Service',
  timestamp: '2025-12-01T09:25:09.516Z'
}
{
  message: 'Displayed the book list',
  level: 'info',
  service: 'Library Service',
  timestamp: '2025-12-01T09:25:09.573Z'
}
