{
  message: 'Running seed...',
  level: 'info',
  service: 'Authentication Service',
  timestamp: '2025-12-03T09:07:13+05:45'
}
{
  message: 'Admin already exists.',
  level: 'info',
  service: 'Authentication Service',
  timestamp: '2025-12-03T09:07:13+05:45'
}
{
  message: 'policy.csv import complete',
  level: 'info',
  service: 'Authentication Service',
  timestamp: '2025-12-03T09:07:13+05:45'
}
{
  message: 'Seed complete',
  level: 'info',
  service: 'Authentication Service',
  timestamp: '2025-12-03T09:07:13+05:45'
}
{
  message: 'Sending axios request...',
  level: 'info',
  service: 'Authentication Service',
  timestamp: '2025-12-03T09:07:13+05:45'
}
{
  message: 'Server is running on PORT5000',
  level: 'info',
  service: 'Authentication Service',
  timestamp: '2025-12-03T09:07:13+05:45'
}
{
  message: 'Route sync complete',
  level: 'info',
  service: 'Authentication Service',
  timestamp: '2025-12-03T09:07:13+05:45'
}
{
  message: 'Running seed...',
  level: 'info',
  service: 'Authentication Service',
  timestamp: '2025-12-03T10:08:53+05:45'
}
{
  message: 'Admin already exists.',
  level: 'info',
  service: 'Authentication Service',
  timestamp: '2025-12-03T10:08:53+05:45'
}
{
  message: 'policy.csv import complete',
  level: 'info',
  service: 'Authentication Service',
  timestamp: '2025-12-03T10:08:53+05:45'
}
{
  message: 'Seed complete',
  level: 'info',
  service: 'Authentication Service',
  timestamp: '2025-12-03T10:08:53+05:45'
}
{
  message: 'Sending axios request...',
  level: 'info',
  service: 'Authentication Service',
  timestamp: '2025-12-03T10:08:53+05:45'
}
{
  message: 'Server is running on PORT5000',
  level: 'info',
  service: 'Authentication Service',
  timestamp: '2025-12-03T10:08:53+05:45'
}
{
  message: 'Route sync complete',
  level: 'info',
  service: 'Authentication Service',
  timestamp: '2025-12-03T10:08:53+05:45'
}
{
  message: 'Running seed...',
  level: 'info',
  service: 'Authentication Service',
  timestamp: '2025-12-03T10:48:01+05:45'
}
{
  message: 'Admin already exists.',
  level: 'info',
  service: 'Authentication Service',
  timestamp: '2025-12-03T10:48:01+05:45'
}
{
  message: 'policy.csv import complete',
  level: 'info',
  service: 'Authentication Service',
  timestamp: '2025-12-03T10:48:01+05:45'
}
{
  message: 'Seed complete',
  level: 'info',
  service: 'Authentication Service',
  timestamp: '2025-12-03T10:48:01+05:45'
}
{
  message: 'Sending axios request...',
  level: 'info',
  service: 'Authentication Service',
  timestamp: '2025-12-03T10:48:01+05:45'
}
{
  message: 'Server is running on PORT5000',
  level: 'info',
  service: 'Authentication Service',
  timestamp: '2025-12-03T10:48:01+05:45'
}
{
  message: 'Route sync complete',
  level: 'info',
  service: 'Authentication Service',
  timestamp: '2025-12-03T10:48:01+05:45'
}
{
  message: 'User: admin logged in',
  level: 'info',
  service: 'Authentication Service',
  timestamp: '2025-12-03T10:48:33+05:45'
}
