{
  message: 'Running seed...',
  level: 'info',
  service: 'Authentication Service',
  timestamp: '2025-12-05T09:25:38+05:45'
}
{
  message: 'Admin already exists.',
  level: 'info',
  service: 'Authentication Service',
  timestamp: '2025-12-05T09:25:38+05:45'
}
{
  message: 'policy.csv import complete',
  level: 'info',
  service: 'Authentication Service',
  timestamp: '2025-12-05T09:25:38+05:45'
}
{
  message: 'Seed complete',
  level: 'info',
  service: 'Authentication Service',
  timestamp: '2025-12-05T09:25:38+05:45'
}
{
  message: 'Sending axios request...',
  level: 'info',
  service: 'Authentication Service',
  timestamp: '2025-12-05T09:25:38+05:45'
}
{
  message: 'Server is running on PORT5000',
  level: 'info',
  service: 'Authentication Service',
  timestamp: '2025-12-05T09:25:38+05:45'
}
{
  message: 'Route sync complete',
  level: 'info',
  service: 'Authentication Service',
  timestamp: '2025-12-05T09:25:38+05:45'
}
{
  message: 'Running seed...',
  level: 'info',
  service: 'Authentication Service',
  timestamp: '2025-12-05T11:17:55+05:45'
}
{
  message: 'Admin already exists.',
  level: 'info',
  service: 'Authentication Service',
  timestamp: '2025-12-05T11:17:55+05:45'
}
{
  message: 'policy.csv import complete',
  level: 'info',
  service: 'Authentication Service',
  timestamp: '2025-12-05T11:17:55+05:45'
}
{
  message: 'Seed complete',
  level: 'info',
  service: 'Authentication Service',
  timestamp: '2025-12-05T11:17:55+05:45'
}
{
  message: 'Sending axios request...',
  level: 'info',
  service: 'Authentication Service',
  timestamp: '2025-12-05T11:17:55+05:45'
}
{
  message: 'Server is running on PORT5000',
  level: 'info',
  service: 'Authentication Service',
  timestamp: '2025-12-05T11:17:55+05:45'
}
{
  message: 'Route sync complete',
  level: 'info',
  service: 'Authentication Service',
  timestamp: '2025-12-05T11:17:55+05:45'
}
