{
  message: 'Running seed...',
  level: 'info',
  service: 'Authentication Service',
  timestamp: '2025-12-01T08:51:36.552Z'
}
{
  message: 'Admin already exists.',
  level: 'info',
  service: 'Authentication Service',
  timestamp: '2025-12-01T08:51:36.623Z'
}
{
  message: 'policy.csv import complete',
  level: 'info',
  service: 'Authentication Service',
  timestamp: '2025-12-01T08:51:36.748Z'
}
{
  message: 'Seed complete',
  level: 'info',
  service: 'Authentication Service',
  timestamp: '2025-12-01T08:51:36.749Z'
}
{
  message: 'Server is running on PORT5000',
  level: 'info',
  service: 'Authentication Service',
  timestamp: '2025-12-01T08:51:36.781Z'
}
{
  message: 'Route sync complete',
  level: 'info',
  service: 'Authentication Service',
  timestamp: '2025-12-01T08:51:36.832Z'
}
{
  message: 'Running seed...',
  level: 'info',
  service: 'Authentication Service',
  timestamp: '2025-12-01T09:05:25.798Z'
}
{
  message: 'Admin already exists.',
  level: 'info',
  service: 'Authentication Service',
  timestamp: '2025-12-01T09:05:25.871Z'
}
{
  message: 'policy.csv import complete',
  level: 'info',
  service: 'Authentication Service',
  timestamp: '2025-12-01T09:05:25.984Z'
}
{
  message: 'Seed complete',
  level: 'info',
  service: 'Authentication Service',
  timestamp: '2025-12-01T09:05:25.985Z'
}
{
  message: 'Sending axios request...',
  level: 'info',
  service: 'Authentication Service',
  timestamp: '2025-12-01T09:05:25.987Z'
}
{
  message: 'Server is running on PORT5000',
  level: 'info',
  service: 'Authentication Service',
  timestamp: '2025-12-01T09:05:25.998Z'
}
{
  message: 'Route sync complete',
  level: 'info',
  service: 'Authentication Service',
  timestamp: '2025-12-01T09:05:26.014Z'
}
{
  message: 'Running seed...',
  level: 'info',
  service: 'Authentication Service',
  timestamp: '2025-12-01T09:09:57.521Z'
}
{
  message: 'Admin already exists.',
  level: 'info',
  service: 'Authentication Service',
  timestamp: '2025-12-01T09:09:57.595Z'
}
{
  message: 'policy.csv import complete',
  level: 'info',
  service: 'Authentication Service',
  timestamp: '2025-12-01T09:09:57.717Z'
}
{
  message: 'Seed complete',
  level: 'info',
  service: 'Authentication Service',
  timestamp: '2025-12-01T09:09:57.718Z'
}
{
  message: 'Sending axios request...',
  level: 'info',
  service: 'Authentication Service',
  timestamp: '2025-12-01T09:09:57.720Z'
}
{
  message: 'Server is running on PORT5000',
  level: 'info',
  service: 'Authentication Service',
  timestamp: '2025-12-01T09:09:57.733Z'
}
{
  message: 'Route sync complete',
  level: 'info',
  service: 'Authentication Service',
  timestamp: '2025-12-01T09:09:57.751Z'
}
{
  message: 'Running seed...',
  level: 'info',
  service: 'Authentication Service',
  timestamp: '2025-12-01T09:15:10.698Z'
}
{
  message: 'Admin already exists.',
  level: 'info',
  service: 'Authentication Service',
  timestamp: '2025-12-01T09:15:10.777Z'
}
{
  message: 'policy.csv import complete',
  level: 'info',
  service: 'Authentication Service',
  timestamp: '2025-12-01T09:15:10.899Z'
}
{
  message: 'Seed complete',
  level: 'info',
  service: 'Authentication Service',
  timestamp: '2025-12-01T09:15:10.900Z'
}
{
  message: 'Sending axios request...',
  level: 'info',
  service: 'Authentication Service',
  timestamp: '2025-12-01T09:15:10.903Z'
}
{
  message: 'Server is running on PORT5000',
  level: 'info',
  service: 'Authentication Service',
  timestamp: '2025-12-01T09:15:10.915Z'
}
{
  message: 'Route sync complete',
  level: 'info',
  service: 'Authentication Service',
  timestamp: '2025-12-01T09:15:10.936Z'
}
