{
  message: 'Sending axios request...',
  level: 'info',
  service: 'Library Service',
  timestamp: '2025-12-02T05:03:54Z'
}
{
  message: 'Server is running on PORT5003',
  level: 'info',
  service: 'Library Service',
  timestamp: '2025-12-02T05:03:54Z'
}
{
  message: 'Route sync complete',
  level: 'info',
  service: 'Library Service',
  timestamp: '2025-12-02T05:03:54Z'
}
{
  message: 'Sending axios request...',
  level: 'info',
  service: 'Library Service',
  timestamp: '2025-12-02T10:54:07+05:45'
}
{
  message: 'Server is running on PORT5003',
  level: 'info',
  service: 'Library Service',
  timestamp: '2025-12-02T10:54:07+05:45'
}
{
  message: 'Route sync complete',
  level: 'info',
  service: 'Library Service',
  timestamp: '2025-12-02T10:54:08+05:45'
}
{
  message: 'Sending axios request...',
  level: 'info',
  service: 'Library Service',
  timestamp: '2025-12-02T11:07:54+05:45'
}
{
  message: 'Server is running on PORT5003',
  level: 'info',
  service: 'Library Service',
  timestamp: '2025-12-02T11:07:54+05:45'
}
{
  message: 'Route sync complete',
  level: 'info',
  service: 'Library Service',
  timestamp: '2025-12-02T11:07:55+05:45'
}
{
  message: 'Sending axios request...',
  level: 'info',
  service: 'Library Service',
  timestamp: '2025-12-02T11:09:36+05:45'
}
{
  message: 'Server is running on PORT5003',
  level: 'info',
  service: 'Library Service',
  timestamp: '2025-12-02T11:09:36+05:45'
}
{
  message: 'Route sync complete',
  level: 'info',
  service: 'Library Service',
  timestamp: '2025-12-02T11:09:36+05:45'
}
{
  message: 'Sending axios request...',
  level: 'info',
  service: 'Library Service',
  timestamp: '2025-12-02T11:13:16+05:45'
}
{
  message: 'Server is running on PORT5003',
  level: 'info',
  service: 'Library Service',
  timestamp: '2025-12-02T11:13:16+05:45'
}
{
  message: 'Route sync complete',
  level: 'info',
  service: 'Library Service',
  timestamp: '2025-12-02T11:13:16+05:45'
}
{
  message: 'Sending axios request...',
  level: 'info',
  service: 'Library Service',
  timestamp: '2025-12-02T11:31:57+05:45'
}
{
  message: 'Server is running on PORT5003',
  level: 'info',
  service: 'Library Service',
  timestamp: '2025-12-02T11:31:57+05:45'
}
{
  message: 'Route sync complete',
  level: 'info',
  service: 'Library Service',
  timestamp: '2025-12-02T11:31:57+05:45'
}
{
  message: 'Sending axios request...',
  level: 'info',
  service: 'Library Service',
  timestamp: '2025-12-02T11:35:34+05:45'
}
{
  message: 'Server is running on PORT5003',
  level: 'info',
  service: 'Library Service',
  timestamp: '2025-12-02T11:35:34+05:45'
}
{
  message: 'Route sync complete',
  level: 'info',
  service: 'Library Service',
  timestamp: '2025-12-02T11:35:34+05:45'
}
{
  message: 'Sending axios request...',
  level: 'info',
  service: 'Library Service',
  timestamp: '2025-12-02T11:43:05+05:45'
}
{
  message: 'Server is running on PORT5003',
  level: 'info',
  service: 'Library Service',
  timestamp: '2025-12-02T11:43:05+05:45'
}
{
  message: 'Route sync complete',
  level: 'info',
  service: 'Library Service',
  timestamp: '2025-12-02T11:43:05+05:45'
}
{
  message: 'Sending axios request...',
  level: 'info',
  service: 'Library Service',
  timestamp: '2025-12-02T11:46:43+05:45'
}
{
  message: 'Server is running on PORT5003',
  level: 'info',
  service: 'Library Service',
  timestamp: '2025-12-02T11:46:43+05:45'
}
{
  message: 'Route sync complete',
  level: 'info',
  service: 'Library Service',
  timestamp: '2025-12-02T11:46:43+05:45'
}
{
  message: 'Sending axios request...',
  level: 'info',
  service: 'Library Service',
  timestamp: '2025-12-02T11:56:38+05:45'
}
{
  message: 'Server is running on PORT5003',
  level: 'info',
  service: 'Library Service',
  timestamp: '2025-12-02T11:56:38+05:45'
}
{
  message: 'Route sync complete',
  level: 'info',
  service: 'Library Service',
  timestamp: '2025-12-02T11:56:38+05:45'
}
{
  message: 'Sending axios request...',
  level: 'info',
  service: 'Library Service',
  timestamp: '2025-12-02T11:57:34+05:45'
}
{
  message: 'Server is running on PORT5003',
  level: 'info',
  service: 'Library Service',
  timestamp: '2025-12-02T11:57:34+05:45'
}
{
  message: 'Route sync complete',
  level: 'info',
  service: 'Library Service',
  timestamp: '2025-12-02T11:57:34+05:45'
}
{
  message: 'Sending axios request...',
  level: 'info',
  service: 'Library Service',
  timestamp: '2025-12-02T12:12:19+05:45'
}
{
  message: 'Server is running on PORT5003',
  level: 'info',
  service: 'Library Service',
  timestamp: '2025-12-02T12:12:19+05:45'
}
{
  message: 'Route sync complete',
  level: 'info',
  service: 'Library Service',
  timestamp: '2025-12-02T12:12:19+05:45'
}
{
  message: 'Sending axios request...',
  level: 'info',
  service: 'Library Service',
  timestamp: '2025-12-02T12:45:10+05:45'
}
{
  message: 'Server is running on PORT5003',
  level: 'info',
  service: 'Library Service',
  timestamp: '2025-12-02T12:45:10+05:45'
}
{
  message: 'Route sync complete',
  level: 'info',
  service: 'Library Service',
  timestamp: '2025-12-02T12:45:10+05:45'
}
{
  message: 'Sending axios request...',
  level: 'info',
  service: 'Library Service',
  timestamp: '2025-12-02T12:47:14+05:45'
}
{
  message: 'Server is running on PORT5003',
  level: 'info',
  service: 'Library Service',
  timestamp: '2025-12-02T12:47:14+05:45'
}
{
  message: 'Route sync complete',
  level: 'info',
  service: 'Library Service',
  timestamp: '2025-12-02T12:47:14+05:45'
}
{
  message: 'Sending axios request...',
  level: 'info',
  service: 'Library Service',
  timestamp: '2025-12-02T14:12:38+05:45'
}
{
  message: 'Server is running on PORT5003',
  level: 'info',
  service: 'Library Service',
  timestamp: '2025-12-02T14:12:38+05:45'
}
{
  message: 'Route sync complete',
  level: 'info',
  service: 'Library Service',
  timestamp: '2025-12-02T14:12:38+05:45'
}
{
  message: 'Sending axios request...',
  level: 'info',
  service: 'Library Service',
  timestamp: '2025-12-02T14:45:41+05:45'
}
{
  message: 'Server is running on PORT5003',
  level: 'info',
  service: 'Library Service',
  timestamp: '2025-12-02T14:45:41+05:45'
}
{
  message: 'Route sync complete',
  level: 'info',
  service: 'Library Service',
  timestamp: '2025-12-02T14:45:41+05:45'
}
{
  message: 'Sending axios request...',
  level: 'info',
  service: 'Library Service',
  timestamp: '2025-12-02T14:49:27+05:45'
}
{
  message: 'Server is running on PORT5003',
  level: 'info',
  service: 'Library Service',
  timestamp: '2025-12-02T14:49:27+05:45'
}
{
  message: 'Route sync complete',
  level: 'info',
  service: 'Library Service',
  timestamp: '2025-12-02T14:49:27+05:45'
}
{
  message: 'Sending axios request...',
  level: 'info',
  service: 'Library Service',
  timestamp: '2025-12-02T14:52:39+05:45'
}
{
  message: 'Server is running on PORT5003',
  level: 'info',
  service: 'Library Service',
  timestamp: '2025-12-02T14:52:39+05:45'
}
{
  message: 'Route sync complete',
  level: 'info',
  service: 'Library Service',
  timestamp: '2025-12-02T14:52:40+05:45'
}
{
  message: 'Sending axios request...',
  level: 'info',
  service: 'Library Service',
  timestamp: '2025-12-02T15:15:43+05:45'
}
{
  message: 'Server is running on PORT5003',
  level: 'info',
  service: 'Library Service',
  timestamp: '2025-12-02T15:15:43+05:45'
}
{
  message: 'Route sync complete',
  level: 'info',
  service: 'Library Service',
  timestamp: '2025-12-02T15:15:43+05:45'
}
{
  message: 'Sending axios request...',
  level: 'info',
  service: 'Library Service',
  timestamp: '2025-12-02T15:39:35+05:45'
}
{
  message: 'Server is running on PORT5003',
  level: 'info',
  service: 'Library Service',
  timestamp: '2025-12-02T15:39:35+05:45'
}
{
  message: 'Route sync complete',
  level: 'info',
  service: 'Library Service',
  timestamp: '2025-12-02T15:39:35+05:45'
}
{
  message: 'Sending axios request...',
  level: 'info',
  service: 'Library Service',
  timestamp: '2025-12-02T15:44:10+05:45'
}
{
  message: 'Server is running on PORT5003',
  level: 'info',
  service: 'Library Service',
  timestamp: '2025-12-02T15:44:10+05:45'
}
{
  message: 'Route sync complete',
  level: 'info',
  service: 'Library Service',
  timestamp: '2025-12-02T15:44:10+05:45'
}
{
  message: 'Sending axios request...',
  level: 'info',
  service: 'Library Service',
  timestamp: '2025-12-02T15:59:37+05:45'
}
{
  message: 'Server is running on PORT5003',
  level: 'info',
  service: 'Library Service',
  timestamp: '2025-12-02T15:59:37+05:45'
}
{
  message: 'Route sync complete',
  level: 'info',
  service: 'Library Service',
  timestamp: '2025-12-02T15:59:37+05:45'
}
