{
  message: 'Sending axios request...',
  level: 'info',
  service: 'Library Service',
  timestamp: '2025-12-04T09:15:23+05:45'
}
{
  message: 'Server is running on PORT5003',
  level: 'info',
  service: 'Library Service',
  timestamp: '2025-12-04T09:15:23+05:45'
}
{
  message: 'Route sync complete',
  level: 'info',
  service: 'Library Service',
  timestamp: '2025-12-04T09:15:23+05:45'
}
{
  message: 'Sending axios request...',
  level: 'info',
  service: 'Library Service',
  timestamp: '2025-12-04T11:39:36+05:45'
}
{
  message: 'Server is running on PORT5003',
  level: 'info',
  service: 'Library Service',
  timestamp: '2025-12-04T11:39:36+05:45'
}
{
  message: 'Route sync complete',
  level: 'info',
  service: 'Library Service',
  timestamp: '2025-12-04T11:39:36+05:45'
}
{
  message: 'Sending axios request...',
  level: 'info',
  service: 'Library Service',
  timestamp: '2025-12-04T14:14:05+05:45'
}
{
  message: 'Server is running on PORT5003',
  level: 'info',
  service: 'Library Service',
  timestamp: '2025-12-04T14:14:05+05:45'
}
{
  message: 'Route sync complete',
  level: 'info',
  service: 'Library Service',
  timestamp: '2025-12-04T14:14:06+05:45'
}
{
  message: 'Routes resource',
  level: 'info',
  service: 'Library Service',
  timestamp: '2025-12-04T14:18:29+05:45'
}
{
  message: 'Routes resource',
  level: 'info',
  service: 'Library Service',
  timestamp: '2025-12-04T14:19:14+05:45'
}
{
  message: 'Routes resource',
  level: 'info',
  service: 'Library Service',
  timestamp: '2025-12-04T14:21:06+05:45'
}
{
  message: 'Routes resource',
  level: 'info',
  service: 'Library Service',
  timestamp: '2025-12-04T14:22:29+05:45'
}
{
  message: 'Routes resource',
  level: 'info',
  service: 'Library Service',
  timestamp: '2025-12-04T14:23:56+05:45'
}
{
  message: 'Routes resource',
  level: 'info',
  service: 'Library Service',
  timestamp: '2025-12-04T14:25:27+05:45'
}
