{
  message: 'Sending axios request...',
  level: 'info',
  service: 'Library Service',
  timestamp: '2025-12-05T09:24:58+05:45'
}
{
  message: 'Server is running on PORT5003',
  level: 'info',
  service: 'Library Service',
  timestamp: '2025-12-05T09:24:58+05:45'
}
{
  message: 'Route sync complete',
  level: 'info',
  service: 'Library Service',
  timestamp: '2025-12-05T09:24:58+05:45'
}
{
  message: 'Sending axios request...',
  level: 'info',
  service: 'Library Service',
  timestamp: '2025-12-05T11:17:19+05:45'
}
{
  message: 'Server is running on PORT5003',
  level: 'info',
  service: 'Library Service',
  timestamp: '2025-12-05T11:17:19+05:45'
}
{
  message: 'Route sync complete',
  level: 'info',
  service: 'Library Service',
  timestamp: '2025-12-05T11:17:19+05:45'
}
{
  message: 'Sending axios request...',
  level: 'info',
  service: 'Library Service',
  timestamp: '2025-12-05T11:32:31+05:45'
}
{
  message: 'Server is running on PORT5003',
  level: 'info',
  service: 'Library Service',
  timestamp: '2025-12-05T11:32:31+05:45'
}
{
  message: 'Route sync complete',
  level: 'info',
  service: 'Library Service',
  timestamp: '2025-12-05T11:32:31+05:45'
}
