{
  message: 'Sending axios request...',
  level: 'info',
  service: 'Library Service',
  timestamp: '2025-12-03T09:06:36+05:45'
}
{
  message: 'Server is running on PORT5003',
  level: 'info',
  service: 'Library Service',
  timestamp: '2025-12-03T09:06:36+05:45'
}
{
  message: 'Route sync complete',
  level: 'info',
  service: 'Library Service',
  timestamp: '2025-12-03T09:06:36+05:45'
}
{
  message: 'Sending axios request...',
  level: 'info',
  service: 'Library Service',
  timestamp: '2025-12-03T10:08:12+05:45'
}
{
  message: 'Server is running on PORT5003',
  level: 'info',
  service: 'Library Service',
  timestamp: '2025-12-03T10:08:13+05:45'
}
{
  message: 'Route sync complete',
  level: 'info',
  service: 'Library Service',
  timestamp: '2025-12-03T10:08:13+05:45'
}
{
  message: 'Sending axios request...',
  level: 'info',
  service: 'Library Service',
  timestamp: '2025-12-03T10:47:32+05:45'
}
{
  message: 'Server is running on PORT5003',
  level: 'info',
  service: 'Library Service',
  timestamp: '2025-12-03T10:47:32+05:45'
}
{
  message: 'Route sync complete',
  level: 'info',
  service: 'Library Service',
  timestamp: '2025-12-03T10:47:32+05:45'
}
{
  message: 'Sending axios request...',
  level: 'info',
  service: 'Library Service',
  timestamp: '2025-12-03T14:44:51+05:45'
}
{
  message: 'Server is running on PORT5003',
  level: 'info',
  service: 'Library Service',
  timestamp: '2025-12-03T14:44:51+05:45'
}
{
  message: 'Route sync complete',
  level: 'info',
  service: 'Library Service',
  timestamp: '2025-12-03T14:44:51+05:45'
}
{
  message: 'Sending axios request...',
  level: 'info',
  service: 'Library Service',
  timestamp: '2025-12-03T14:45:20+05:45'
}
{
  message: 'Server is running on PORT5003',
  level: 'info',
  service: 'Library Service',
  timestamp: '2025-12-03T14:45:20+05:45'
}
{
  message: 'Route sync complete',
  level: 'info',
  service: 'Library Service',
  timestamp: '2025-12-03T14:45:20+05:45'
}
{
  message: 'Sending axios request...',
  level: 'info',
  service: 'Library Service',
  timestamp: '2025-12-03T14:46:29+05:45'
}
{
  message: 'Server is running on PORT5003',
  level: 'info',
  service: 'Library Service',
  timestamp: '2025-12-03T14:46:29+05:45'
}
{
  message: 'Route sync complete',
  level: 'info',
  service: 'Library Service',
  timestamp: '2025-12-03T14:46:29+05:45'
}
{
  message: 'Sending axios request...',
  level: 'info',
  service: 'Library Service',
  timestamp: '2025-12-03T14:49:51+05:45'
}
{
  message: 'Server is running on PORT5003',
  level: 'info',
  service: 'Library Service',
  timestamp: '2025-12-03T14:49:51+05:45'
}
{
  message: 'Route sync complete',
  level: 'info',
  service: 'Library Service',
  timestamp: '2025-12-03T14:49:51+05:45'
}
{
  message: 'Sending axios request...',
  level: 'info',
  service: 'Library Service',
  timestamp: '2025-12-03T14:58:24+05:45'
}
{
  message: 'Server is running on PORT5003',
  level: 'info',
  service: 'Library Service',
  timestamp: '2025-12-03T14:58:24+05:45'
}
{
  message: 'Route sync complete',
  level: 'info',
  service: 'Library Service',
  timestamp: '2025-12-03T14:58:24+05:45'
}
