{
  message: 'Server is running on PORT5003',
  level: 'info',
  service: 'Authentication Service',
  timestamp: '2025-12-01T09:05:00.513Z'
}
{
  message: 'Route sync complete',
  level: 'info',
  service: 'Authentication Service',
  timestamp: '2025-12-01T09:05:00.653Z'
}
{
  message: 'Sending axios request...',
  level: 'info',
  service: 'Authentication Service',
  timestamp: '2025-12-01T09:09:30.939Z'
}
{
  message: 'Server is running on PORT5003',
  level: 'info',
  service: 'Authentication Service',
  timestamp: '2025-12-01T09:09:30.955Z'
}
{
  message: 'Route sync complete',
  level: 'info',
  service: 'Authentication Service',
  timestamp: '2025-12-01T09:09:31.071Z'
}
{
  message: 'Sending axios request...',
  level: 'info',
  service: 'Authentication Service',
  timestamp: '2025-12-01T09:14:41.907Z'
}
{
  message: 'Server is running on PORT5003',
  level: 'info',
  service: 'Authentication Service',
  timestamp: '2025-12-01T09:14:41.928Z'
}
{
  message: 'Route sync complete',
  level: 'info',
  service: 'Authentication Service',
  timestamp: '2025-12-01T09:14:42.040Z'
}
{
  message: 'Sending axios request...',
  level: 'info',
  service: 'Authentication Service',
  timestamp: '2025-12-01T09:16:13.079Z'
}
{
  message: 'Server is running on PORT5003',
  level: 'info',
  service: 'Authentication Service',
  timestamp: '2025-12-01T09:16:13.095Z'
}
{
  message: 'Route sync complete',
  level: 'info',
  service: 'Authentication Service',
  timestamp: '2025-12-01T09:16:13.217Z'
}
{
  message: false,
  level: 'info',
  service: 'Authentication Service',
  timestamp: '2025-12-01T09:25:29.239Z'
}
{
  message: 'Authorization not given to user: 3 for read on route.list',
  level: 'info',
  service: 'Authentication Service',
  timestamp: '2025-12-01T09:25:29.241Z'
}
